<?xml version="1.0" encoding="UTF-8"?>
<!-- Generated by org.testng.reporters.JUnitReportReporter -->
<testsuite hostname="DESKTOP-H0UUMJ5" failures="0" tests="1" name="com.LoginPage.LoginPage" time="12.404" errors="0" timestamp="2024-10-14T10:44:58 IST" skipped="0">
  <testcase classname="com.LoginPage.LoginPage" name="Logo" time="12.404"/>
</testsuite> <!-- com.LoginPage.LoginPage -->
