<?xml version="1.0" encoding="UTF-8"?>
<!-- Generated by org.testng.reporters.JUnitReportReporter -->
<testsuite hostname="DESKTOP-H0UUMJ5" failures="0" tests="1" name="com.MoAI.Devices.Devices" time="65.582" errors="0" timestamp="2024-10-30T10:45:28 IST" skipped="0">
  <testcase classname="com.MoAI.Devices.Devices" name="TC_023" time="65.582"/>
</testsuite> <!-- com.MoAI.Devices.Devices -->
