<?xml version="1.0" encoding="UTF-8"?>
<!-- Generated by org.testng.reporters.JUnitReportReporter -->
<testsuite hostname="DESKTOP-H0UUMJ5" failures="0" tests="1" name="com.DashBoardPage.DashBoardPage" time="40.553" errors="0" timestamp="2024-10-04T18:04:55 IST" skipped="0">
  <testcase classname="com.DashBoardPage.DashBoardPage" name="AddNewDependents" time="40.553"/>
</testsuite> <!-- com.DashBoardPage.DashBoardPage -->
