<?xml version="1.0" encoding="UTF-8"?>
<!-- Generated by org.testng.reporters.JUnitReportReporter -->
<testsuite hostname="DESKTOP-H0UUMJ5" failures="0" tests="3" name="Zcom.Appium.Oppo" time="38.433" errors="0" timestamp="2024-10-14T16:06:46 IST" skipped="2">
  <testcase classname="Zcom.Appium.Oppo" name="LogIn" time="38.433"/>
  <testcase classname="Zcom.Appium.Oppo" name="ChangeCountryCode">
    <skipped/>
  </testcase> <!-- ChangeCountryCode -->
  <testcase classname="Zcom.Appium.Oppo" name="ConnectingDevices">
    <skipped/>
  </testcase> <!-- ConnectingDevices -->
</testsuite> <!-- Zcom.Appium.Oppo -->
