<?xml version="1.0" encoding="UTF-8"?>
<!-- Generated by org.testng.reporters.JUnitReportReporter -->
<testsuite hostname="DESKTOP-H0UUMJ5" failures="0" tests="1" name="com.MoAI.ReportsPage.DownloadingReports" time="55.260" errors="0" timestamp="2024-11-02T09:40:40 IST" skipped="0">
  <testcase classname="com.MoAI.ReportsPage.DownloadingReports" name="TC_020" time="55.260"/>
</testsuite> <!-- com.MoAI.ReportsPage.DownloadingReports -->
