<?xml version="1.0" encoding="UTF-8"?>
<!-- Generated by org.testng.reporters.JUnitReportReporter -->
<testsuite hostname="DESKTOP-H0UUMJ5" failures="0" tests="1" name="com.MoAI.LoginPage.LoginPage" time="79.781" errors="0" timestamp="2024-10-16T13:06:18 IST" skipped="0">
  <testcase classname="com.MoAI.LoginPage.LoginPage" name="TC_009" time="79.781"/>
</testsuite> <!-- com.MoAI.LoginPage.LoginPage -->
