<?xml version="1.0" encoding="UTF-8"?>
<!-- Generated by org.testng.reporters.JUnitReportReporter -->
<testsuite hostname="DESKTOP-H0UUMJ5" failures="0" tests="7" name="com.LoginPage.LoginPage" time="148.186" errors="0" timestamp="2024-10-08T13:16:51 IST" skipped="0">
  <testcase classname="com.LoginPage.LoginPage" name="Logo" time="19.818"/>
  <testcase classname="com.LoginPage.LoginPage" name="LoginOrSignUp" time="19.890"/>
  <testcase classname="com.LoginPage.LoginPage" name="MobileNumberField" time="19.112"/>
  <testcase classname="com.LoginPage.LoginPage" name="ContinueButton" time="20.164"/>
  <testcase classname="com.LoginPage.LoginPage" name="Privacy_Policy_And_Terms_Conditions" time="22.491"/>
  <testcase classname="com.LoginPage.LoginPage" name="PrivacyPolicyLink" time="22.484"/>
  <testcase classname="com.LoginPage.LoginPage" name="TermsAndConditionsLink" time="24.227"/>
</testsuite> <!-- com.LoginPage.LoginPage -->
