<?xml version="1.0" encoding="UTF-8"?>
<!-- Generated by org.testng.reporters.JUnitReportReporter -->
<testsuite hostname="DESKTOP-H0UUMJ5" failures="0" tests="2" name="com.MoAI.Welcomepage.WelcomePage" time="22.673" errors="0" timestamp="2024-10-14T11:12:20 IST" skipped="0">
  <testcase classname="com.MoAI.Welcomepage.WelcomePage" name="GetStartedButton" time="11.989"/>
  <testcase classname="com.MoAI.Welcomepage.WelcomePage" name="welcomePageDescription" time="10.684"/>
</testsuite> <!-- com.MoAI.Welcomepage.WelcomePage -->
