<?xml version="1.0" encoding="UTF-8"?>
<!-- Generated by org.testng.reporters.JUnitReportReporter -->
<testsuite hostname="DESKTOP-H0UUMJ5" failures="0" tests="1" name="com.Appium.EmulatorClass" time="14.174" errors="0" timestamp="2024-10-04T11:40:36 IST" skipped="0">
  <testcase classname="com.Appium.EmulatorClass" name="InvalidPhoneNumber" time="14.174"/>
</testsuite> <!-- com.Appium.EmulatorClass -->
