<?xml version="1.0" encoding="UTF-8"?>
<!-- Generated by org.testng.reporters.JUnitReportReporter -->
<testsuite hostname="DESKTOP-H0UUMJ5" failures="0" tests="1" name="com.ReportsPage.DownloadingReports" time="40.512" errors="0" timestamp="2024-10-04T13:30:57 IST" skipped="0">
  <testcase classname="com.ReportsPage.DownloadingReports" name="DownloadingHR_Report" time="40.512"/>
</testsuite> <!-- com.ReportsPage.DownloadingReports -->
