<?xml version="1.0" encoding="UTF-8"?>
<!-- Generated by org.testng.reporters.JUnitReportReporter -->
<testsuite hostname="DESKTOP-H0UUMJ5" failures="0" tests="1" name="com.LoginPage.LoginScenarios" time="25.000" errors="0" timestamp="2024-10-04T12:38:23 IST" skipped="0">
  <testcase classname="com.LoginPage.LoginScenarios" name="InvalidOTP" time="25.000"/>
</testsuite> <!-- com.LoginPage.LoginScenarios -->
