<?xml version="1.0" encoding="UTF-8"?>
<!-- Generated by org.testng.reporters.JUnitReportReporter -->
<testsuite hostname="DESKTOP-H0UUMJ5" failures="0" tests="1" name="com.Welcomepage.WelcomePage" time="10.654" errors="0" timestamp="2024-10-14T10:51:38 IST" skipped="0">
  <testcase classname="com.Welcomepage.WelcomePage" name="welcomePageImg" time="10.654"/>
</testsuite> <!-- com.Welcomepage.WelcomePage -->
