<?xml version="1.0" encoding="UTF-8"?>
<!-- Generated by org.testng.reporters.JUnitReportReporter -->
<testsuite hostname="santhosh-Latitude-3520" failures="0" tests="2" name="com.MoAI.DashBoardPage.DashBoardPage" time="55.167" errors="0" timestamp="2024-11-04T22:07:24 IST" skipped="1">
  <testcase classname="com.MoAI.DashBoardPage.DashBoardPage" name="TC_028" time="55.167"/>
  <testcase classname="com.MoAI.DashBoardPage.DashBoardPage" name="Login">
    <skipped/>
  </testcase> <!-- Login -->
</testsuite> <!-- com.MoAI.DashBoardPage.DashBoardPage -->
